2026-07-06 12:44:39,830 - twister - INFO - Using Ninja..
2026-07-06 12:44:40,123 - twister - INFO - Zephyr version: v4.4.0-7458-g2c47d4530087
2026-07-06 12:44:40,128 - twister - DEBUG - Running cmake script /home/momesso/zephyrproject/zephyr/cmake/verify-toolchain.cmake
2026-07-06 12:44:40,128 - twister - DEBUG - Calling cmake: /usr/bin/cmake -DFORMAT=json -P /home/momesso/zephyrproject/zephyr/cmake/verify-toolchain.cmake
2026-07-06 12:44:40,605 - twister - DEBUG - Finished running /home/momesso/zephyrproject/zephyr/cmake/verify-toolchain.cmake
2026-07-06 12:44:40,605 - twister - INFO - Using 'zephyr/gnu' toolchain variant.
2026-07-06 12:44:42,625 - twister - DEBUG - Reading testsuite configuration files under /home/momesso/zephyrproject/campainha_silenciosa/tests...
2026-07-06 12:44:42,625 - twister - DEBUG - Found possible testsuite in /home/momesso/zephyrproject/campainha_silenciosa/tests/button
2026-07-06 12:44:42,630 - twister - DEBUG - Found possible testsuite in /home/momesso/zephyrproject/campainha_silenciosa/tests/hist
2026-07-06 12:44:42,632 - twister - DEBUG - No duplicates found.
2026-07-06 12:44:42,633 - twister - DEBUG -  platform filter: ['native_sim']
2026-07-06 12:44:42,633 - twister - DEBUG - platform_pattern: []
2026-07-06 12:44:42,633 - twister - DEBUG -    vendor filter: []
2026-07-06 12:44:42,633 - twister - DEBUG -      arch_filter: None
2026-07-06 12:44:42,634 - twister - DEBUG -       tag_filter: None
2026-07-06 12:44:42,634 - twister - DEBUG -      exclude_tag: None
2026-07-06 12:44:42,634 - twister - DEBUG - Checking platform filter: ['native_sim']
2026-07-06 12:44:42,634 - twister - INFO - Building initial testsuite list...
2026-07-06 12:44:42,635 - twister - INFO - Built testsuite list in 0.00 seconds
2026-07-06 12:44:42,636 - twister - INFO - Writing JSON report /home/momesso/zephyrproject/campainha_silenciosa/twister-out/testplan.json
2026-07-06 12:44:42,661 - twister - INFO - JOBS: 8
2026-07-06 12:44:42,662 - twister - INFO - Adding tasks to the queue...
2026-07-06 12:44:42,662 - twister - DEBUG - adding native_sim/native/host/gnu/app.button
2026-07-06 12:44:42,665 - twister - DEBUG - adding native_sim/native/host/gnu/app.hist
2026-07-06 12:44:42,665 - twister - INFO - Added initial list of jobs to queue
2026-07-06 12:44:42,677 - twister - DEBUG - Running cmake on /home/momesso/zephyrproject/campainha_silenciosa/tests/hist for native_sim/native
2026-07-06 12:44:42,678 - twister - DEBUG - Calling cmake: /usr/bin/cmake -B/home/momesso/zephyrproject/campainha_silenciosa/twister-out/native_sim_native/host_gnu/campainha_silenciosa/tests/hist/app.hist -DTC_RUNID=f63b55366d888d2b7ff925de1e0faca6 -DTC_NAME=app.hist -DCONFIG_COMPILER_WARNINGS_AS_ERRORS=y -DEXTRA_GEN_EDT_ARGS=--edtlib-Werror -GNinja -DPython3_EXECUTABLE=/home/momesso/miniconda3/envs/zephyr/bin/python -DZEPHYR_TOOLCHAIN_VARIANT=host/gnu -S/home/momesso/zephyrproject/campainha_silenciosa/tests/hist -DOVERLAY_CONFIG=/home/momesso/zephyrproject/campainha_silenciosa/twister-out/native_sim_native/host_gnu/campainha_silenciosa/tests/hist/app.hist/twister/testsuite_extra.conf -DBOARD=native_sim/native
2026-07-06 12:44:42,681 - twister - DEBUG - Running cmake on /home/momesso/zephyrproject/campainha_silenciosa/tests/button for native_sim/native
2026-07-06 12:44:42,683 - twister - DEBUG - Calling cmake: /usr/bin/cmake -B/home/momesso/zephyrproject/campainha_silenciosa/twister-out/native_sim_native/host_gnu/campainha_silenciosa/tests/button/app.button -DTC_RUNID=67dcfcc77752b52f9d04e18b74d66b5c -DTC_NAME=app.button -DCONFIG_COMPILER_WARNINGS_AS_ERRORS=y -DEXTRA_GEN_EDT_ARGS=--edtlib-Werror -GNinja -DPython3_EXECUTABLE=/home/momesso/miniconda3/envs/zephyr/bin/python -DZEPHYR_TOOLCHAIN_VARIANT=host/gnu -S/home/momesso/zephyrproject/campainha_silenciosa/tests/button -DOVERLAY_CONFIG=/home/momesso/zephyrproject/campainha_silenciosa/twister-out/native_sim_native/host_gnu/campainha_silenciosa/tests/button/app.button/twister/testsuite_extra.conf -DBOARD=native_sim/native
2026-07-06 12:44:42,692 - twister - DEBUG - Launched 8 jobs
2026-07-06 12:44:54,665 - twister - DEBUG - Finished running cmake /home/momesso/zephyrproject/campainha_silenciosa/tests/hist for native_sim/native in 11.98 seconds
2026-07-06 12:44:54,670 - twister - DEBUG - build test: native_sim/native/host/gnu/app.hist
2026-07-06 12:44:54,671 - twister - DEBUG - Building /home/momesso/zephyrproject/campainha_silenciosa/tests/hist for native_sim/native
2026-07-06 12:44:54,672 - twister - DEBUG - Running /usr/bin/cmake --build /home/momesso/zephyrproject/campainha_silenciosa/twister-out/native_sim_native/host_gnu/campainha_silenciosa/tests/hist/app.hist
2026-07-06 12:44:54,683 - twister - DEBUG - Finished running cmake /home/momesso/zephyrproject/campainha_silenciosa/tests/button for native_sim/native in 11.99 seconds
2026-07-06 12:44:54,687 - twister - DEBUG - build test: native_sim/native/host/gnu/app.button
2026-07-06 12:44:54,688 - twister - DEBUG - Building /home/momesso/zephyrproject/campainha_silenciosa/tests/button for native_sim/native
2026-07-06 12:44:54,689 - twister - DEBUG - Running /usr/bin/cmake --build /home/momesso/zephyrproject/campainha_silenciosa/twister-out/native_sim_native/host_gnu/campainha_silenciosa/tests/button/app.button
2026-07-06 12:44:57,868 - twister - ERROR - native_sim/native         app.button                                         [31mERROR[39m: Build failure
2026-07-06 12:44:57,870 - twister - ERROR - see: [33m/home/momesso/zephyrproject/campainha_silenciosa/twister-out/native_sim_native/host_gnu/campainha_silenciosa/tests/button/app.button/build.log[39m
2026-07-06 12:45:01,678 - twister - DEBUG - Finished building /home/momesso/zephyrproject/campainha_silenciosa/tests/hist for native_sim/native in 7.01 seconds
2026-07-06 12:45:01,679 - twister - DEBUG - Determine test cases for test instance: native_sim/native/host/gnu/app.hist
2026-07-06 12:45:01,679 - twister - DEBUG - Determine test cases for test suite: app.hist
2026-07-06 12:45:02,038 - twister - DEBUG - Test instance native_sim/native/host/gnu/app.hist already has 4 testcase(s) known: [<TestCase app.hist.hist.vazio with None>, <TestCase app.hist.hist.clear with None>, <TestCase app.hist.hist.ordem_cronologica with None>, <TestCase app.hist.hist.overflow_circular with None>]
2026-07-06 12:45:02,039 - twister - DEBUG - Detected 4 Ztest case(s): [app.hist.hist.vazio, app.hist.hist.ordem_cronologica, app.hist.hist.overflow_circular, app.hist.hist.clear] in /home/momesso/zephyrproject/campainha_silenciosa/twister-out/native_sim_native/host_gnu/campainha_silenciosa/tests/hist/app.hist/zephyr/zephyr.elf
2026-07-06 12:45:02,045 - twister - DEBUG - run test: native_sim/native/host/gnu/app.hist
2026-07-06 12:45:02,045 - twister - DEBUG - Reset instance status from 'passed' to None before run.
2026-07-06 12:45:02,045 - twister - DEBUG - Spawning process: /home/momesso/zephyrproject/campainha_silenciosa/twister-out/native_sim_native/host_gnu/campainha_silenciosa/tests/hist/app.hist/zephyr/zephyr.exe
in directory: /home/momesso/zephyrproject/campainha_silenciosa/twister-out/native_sim_native/host_gnu/campainha_silenciosa/tests/hist/app.hist
2026-07-06 12:45:02,046 - twister - DEBUG - Spawning BinaryHandler Thread for native_sim/native/host/gnu/app.hist
2026-07-06 12:45:02,048 - twister - DEBUG - OUTPUT: *** Booting Zephyr OS build v4.4.0-7458-g2c47d4530087 ***
2026-07-06 12:45:02,048 - twister - DEBUG - OUTPUT: Running TESTSUITE hist
2026-07-06 12:45:02,049 - twister - DEBUG - OUTPUT: ===================================================================
2026-07-06 12:45:02,049 - twister - DEBUG - OUTPUT: START - test_clear
2026-07-06 12:45:02,049 - twister - DEBUG - OUTPUT:  PASS - test_clear in 0.000 seconds
2026-07-06 12:45:02,049 - twister - DEBUG - OUTPUT: ===================================================================
2026-07-06 12:45:02,050 - twister - DEBUG - OUTPUT: START - test_ordem_cronologica
2026-07-06 12:45:02,050 - twister - DEBUG - OUTPUT:  PASS - test_ordem_cronologica in 0.000 seconds
2026-07-06 12:45:02,050 - twister - DEBUG - OUTPUT: ===================================================================
2026-07-06 12:45:02,051 - twister - DEBUG - OUTPUT: START - test_overflow_circular
2026-07-06 12:45:02,051 - twister - DEBUG - OUTPUT:  PASS - test_overflow_circular in 0.000 seconds
2026-07-06 12:45:02,051 - twister - DEBUG - OUTPUT: ===================================================================
2026-07-06 12:45:02,051 - twister - DEBUG - OUTPUT: START - test_vazio
2026-07-06 12:45:02,051 - twister - DEBUG - OUTPUT:  PASS - test_vazio in 0.000 seconds
2026-07-06 12:45:02,052 - twister - DEBUG - OUTPUT: ===================================================================
2026-07-06 12:45:02,052 - twister - DEBUG - OUTPUT: TESTSUITE hist succeeded
2026-07-06 12:45:02,052 - twister - DEBUG - OUTPUT: 
2026-07-06 12:45:02,052 - twister - DEBUG - OUTPUT: ------ TESTSUITE SUMMARY START ------
2026-07-06 12:45:02,052 - twister - DEBUG - OUTPUT: 
2026-07-06 12:45:02,052 - twister - DEBUG - OUTPUT: SUITE PASS - 100.00% [hist]: pass = 4, fail = 0, skip = 0, total = 4 duration = 0.000 seconds
2026-07-06 12:45:02,053 - twister - DEBUG - OUTPUT:  - PASS - [hist.test_clear] duration = 0.000 seconds
2026-07-06 12:45:02,053 - twister - DEBUG - OUTPUT:  - PASS - [hist.test_ordem_cronologica] duration = 0.000 seconds
2026-07-06 12:45:02,053 - twister - DEBUG - OUTPUT:  - PASS - [hist.test_overflow_circular] duration = 0.000 seconds
2026-07-06 12:45:02,053 - twister - DEBUG - OUTPUT:  - PASS - [hist.test_vazio] duration = 0.000 seconds
2026-07-06 12:45:02,053 - twister - DEBUG - OUTPUT: 
2026-07-06 12:45:02,054 - twister - DEBUG - OUTPUT: ------ TESTSUITE SUMMARY END ------
2026-07-06 12:45:02,054 - twister - DEBUG - OUTPUT: 
2026-07-06 12:45:02,054 - twister - DEBUG - OUTPUT: ===================================================================
2026-07-06 12:45:02,054 - twister - DEBUG - OUTPUT: RunID: f63b55366d888d2b7ff925de1e0faca6
2026-07-06 12:45:02,054 - twister - DEBUG - OUTPUT: PROJECT EXECUTION SUCCESSFUL
2026-07-06 12:45:02,056 - twister - DEBUG - Expected suite names:['hist']
2026-07-06 12:45:02,057 - twister - DEBUG - Detected suite names:['hist']
2026-07-06 12:45:02,057 - twister - DEBUG - run status: native_sim/native/host/gnu/app.hist passed
2026-07-06 12:45:02,059 - twister - DEBUG - Run coverage for 'native_sim/native/host/gnu/app.hist'
2026-07-06 12:45:02,234 - twister - DEBUG - Select gcovr as the coverage tool...
2026-07-06 12:45:02,234 - twister - DEBUG - Using gcov tool: gcov
2026-07-06 12:45:02,298 - twister - DEBUG - Working on /home/momesso/zephyrproject/campainha_silenciosa/twister-out/native_sim_native/host_gnu/campainha_silenciosa/tests/hist/app.hist/handler.log
2026-07-06 12:45:02,299 - twister - DEBUG - Generating 0 gcda files
2026-07-06 12:45:02,299 - twister - DEBUG - Gcov data captured: /home/momesso/zephyrproject/campainha_silenciosa/twister-out/native_sim_native/host_gnu/campainha_silenciosa/tests/hist/app.hist/handler.log
2026-07-06 12:45:02,317 - twister - INFO - 2 test scenarios (2 configurations) selected, 0 configurations filtered (0 by static filter, 0 at runtime).
2026-07-06 12:45:02,324 - twister - INFO - [32m1 of 2[39m executed test configurations passed (50.00%), 0 built (not run), 0 failed, [31m1[39m errored, with no warnings in 22.49 seconds.
2026-07-06 12:45:02,325 - twister - INFO - 4 of 7 executed test cases passed (57.14%), 3 blocked on 1 out of total 1616 platforms (0.06%).
2026-07-06 12:45:02,325 - twister - INFO - [32m1[39m test configurations executed on platforms, [36m1[39m test configurations were only built.
2026-07-06 12:45:02,508 - twister - DEBUG - Select gcovr as the coverage tool...
2026-07-06 12:45:02,509 - twister - DEBUG - Using gcov tool: gcov
2026-07-06 12:45:02,509 - twister - DEBUG - Running: gcovr -r /home/momesso/zephyrproject/zephyr --gcov-ignore-parse-errors=negative_hits.warn_once_per_file --gcov-executable gcov -e tests/* --gcov-object-directory /home/momesso/zephyrproject/campainha_silenciosa/twister-out --gcov-ignore-parse-errors=suspicious_hits.warn_once_per_file -e .*generated.* -e .*/tests/.* -e .*/samples/.* --exclude-branches-by-pattern (^\s*LOG_(?:HEXDUMP_)?(?:DBG|INF|WRN|ERR)\(.*)|(^\s*__ASSERT(?:_EVAL|_NO_MSG|_POST_ACTION)?\(.*) -v --merge-mode-functions=separate --json -o /home/momesso/zephyrproject/campainha_silenciosa/twister-out/coverage.json /home/momesso/zephyrproject/campainha_silenciosa/twister-out
2026-07-06 12:45:06,647 - twister - DEBUG - Running: gcovr -r /home/momesso/zephyrproject/zephyr -v --merge-mode-functions=separate --gcov-executable gcov -f tests/ztest -e tests/ztest/test/* --json -o /home/momesso/zephyrproject/campainha_silenciosa/twister-out/ztest.json /home/momesso/zephyrproject/campainha_silenciosa/twister-out --gcov-object-directory /home/momesso/zephyrproject/campainha_silenciosa/twister-out
2026-07-06 12:45:07,996 - twister - DEBUG - Coverage collected 2 reports from: /home/momesso/zephyrproject/campainha_silenciosa/twister-out
2026-07-06 12:45:07,997 - twister - DEBUG - Running: gcovr -r /home/momesso/zephyrproject/zephyr -v --merge-mode-functions=separate --html /home/momesso/zephyrproject/campainha_silenciosa/twister-out/coverage/index.html --html-details --add-tracefile /home/momesso/zephyrproject/campainha_silenciosa/twister-out/coverage.json --add-tracefile /home/momesso/zephyrproject/campainha_silenciosa/twister-out/ztest.json --json-summary-pretty --json-summary /home/momesso/zephyrproject/campainha_silenciosa/twister-out/coverage_summary.json
2026-07-06 12:45:14,464 - twister - INFO - HTML report generated: /home/momesso/zephyrproject/campainha_silenciosa/twister-out/coverage/index.html
2026-07-06 12:45:14,464 - twister - DEBUG - All coverage data processed: True
2026-07-06 12:45:14,464 - twister - INFO - Coverage data processed in 11.96 seconds
2026-07-06 12:45:14,465 - twister - INFO - Saving reports...
2026-07-06 12:45:14,465 - twister - INFO - Writing JSON report /home/momesso/zephyrproject/campainha_silenciosa/twister-out/twister.json
2026-07-06 12:45:14,472 - twister - INFO - Writing xunit report /home/momesso/zephyrproject/campainha_silenciosa/twister-out/twister.xml...
2026-07-06 12:45:14,475 - twister - INFO - Writing xunit report /home/momesso/zephyrproject/campainha_silenciosa/twister-out/twister_report.xml...
2026-07-06 12:45:14,478 - twister - INFO - -+-+-+-+-+-+-+-+-+-+-+-+-+-+-+-+-+-+-+-+-+-+-+-+-+-+-+-+-+-+-+-+-+-+-+-+-+-+-+-+
2026-07-06 12:45:14,478 - twister - INFO - The following issues were found (showing the top 10 items):
2026-07-06 12:45:14,478 - twister - INFO - 1) app.button on native_sim/native error (Build failure - error: __device_dts_ord_DT_N_ALIAS_sw1_P_gpios_IDX_0_PH_ORD undeclared here (not in a function))
2026-07-06 12:45:14,478 - twister - INFO - 
2026-07-06 12:45:14,478 - twister - INFO - To rerun the tests, call twister using the following commandline:
2026-07-06 12:45:14,478 - twister - INFO - west twister -p <PLATFORM> -s <TEST ID>, for example:
2026-07-06 12:45:14,479 - twister - INFO - 
2026-07-06 12:45:14,479 - twister - INFO - west twister -p native_sim/native -s app.button
2026-07-06 12:45:14,479 - twister - INFO - or with west:
2026-07-06 12:45:14,479 - twister - INFO - west build -p -b native_sim/native tests/button -T app.button
2026-07-06 12:45:14,479 - twister - INFO - -+-+-+-+-+-+-+-+-+-+-+-+-+-+-+-+-+-+-+-+-+-+-+-+-+-+-+-+-+-+-+-+-+-+-+-+-+-+-+-+
2026-07-06 12:45:14,479 - twister - INFO - Run completed
